**********************
Windows PowerShell transcript start
Start time: 20251122215112
Username: VOID\sjefv
RunAs User: VOID\sjefv
Configuration Name: 
Machine: VOID (Microsoft Windows NT 10.0.26200.0)
Host Application: C:\windows\System32\WindowsPowerShell\v1.0\powershell.exe -noexit -command try { . "c:\Users\sjefv\AppData\Local\Programs\Microsoft VS Code\resources\app\out\vs\workbench\contrib\terminal\common\scripts\shellIntegration.ps1" } catch {}
Process ID: 20800
PSVersion: 5.1.26100.7019
PSEdition: Desktop
PSCompatibleVersions: 1.0, 2.0, 3.0, 4.0, 5.0, 5.1.26100.7019
BuildVersion: 10.0.26100.7019
CLRVersion: 4.0.30319.42000
WSManStackVersion: 3.0
PSRemotingProtocolVersion: 2.3
SerializationVersion: 1.1.0.1
**********************
Transcript started, output file is C:\source\conduit\www\public\build.log
Running Unit Tests...

Running E2E Tests...

**********************
Windows PowerShell transcript end
End time: 20251122215125
**********************
